<?xml version="1.0" encoding="UTF-8"?>
<!-- Generated by org.testng.reporters.JUnitReportReporter -->
<testsuite skipped="0" hostname="LAPTOP-23D6II4D" name="ALERTS.Popup" tests="1" failures="0" timestamp="2020-05-12T19:54:13 IST" time="44.117" errors="0">
  <testcase name="Login" time="44.117" classname="ALERTS.Popup"/>
</testsuite> <!-- ALERTS.Popup -->
