<?xml version="1.0" encoding="UTF-8"?>
<!-- Generated by org.testng.reporters.JUnitReportReporter -->
<testsuite skipped="0" hostname="LAPTOP-23D6II4D" name="ALERTS.Alert" tests="2" failures="0" timestamp="2020-04-28T12:16:54 IST" time="24.381" errors="0">
  <testcase name="login" time="7.519" classname="ALERTS.Alert"/>
  <testcase name="registraton" time="16.862" classname="ALERTS.Alert"/>
</testsuite> <!-- ALERTS.Alert -->
